This file contains any messages produced by compilers while
running configure, to aid debugging if configure makes a mistake.

It was created by ivykis configure 0.36.1, which was
generated by GNU Autoconf 2.69.  Invocation command line was

  $ ../../../lib/ivykis/configure --disable-option-checking --prefix=/home/plagueis/install_afmysql --enable-debug --cache-file=/dev/null --srcdir=../../../lib/ivykis --disable-shared --enable-static --with-pic

## --------- ##
## Platform. ##
## --------- ##

hostname = r2-d2
uname -m = x86_64
uname -r = 3.5.0-17-generic
uname -s = Linux
uname -v = #28-Ubuntu SMP Tue Oct 9 19:31:23 UTC 2012

/usr/bin/uname -p = unknown
/bin/uname -X     = unknown

/bin/arch              = unknown
/usr/bin/arch -k       = unknown
/usr/convex/getsysinfo = unknown
/usr/bin/hostinfo      = unknown
/bin/machine           = unknown
/usr/bin/oslevel       = unknown
/bin/universe          = unknown

PATH: /usr/local/sbin
PATH: /usr/local/bin
PATH: /usr/sbin
PATH: /usr/bin
PATH: /sbin
PATH: /bin
PATH: /usr/games
PATH: /usr/local/games


## ----------- ##
## Core tests. ##
## ----------- ##

configure:2323: checking for a BSD-compatible install
configure:2391: result: /usr/bin/install -c
configure:2402: checking whether build environment is sane
configure:2452: result: yes
configure:2593: checking for a thread-safe mkdir -p
configure:2632: result: /bin/mkdir -p
configure:2645: checking for gawk
configure:2661: found /usr/bin/gawk
configure:2672: result: gawk
configure:2683: checking whether make sets $(MAKE)
configure:2705: result: yes
configure:2796: checking build system type
configure:2810: result: x86_64-unknown-linux-gnu
configure:2830: checking host system type
configure:2843: result: x86_64-unknown-linux-gnu
configure:2918: checking how to print strings
configure:2945: result: printf
configure:2978: checking for style of include used by make
configure:3006: result: GNU
configure:3077: checking for gcc
configure:3093: found /usr/bin/gcc
configure:3104: result: gcc
configure:3333: checking for C compiler version
configure:3342: gcc --version >&5
gcc (Ubuntu/Linaro 4.7.2-2ubuntu1) 4.7.2
Copyright (C) 2012 Free Software Foundation, Inc.
This is free software; see the source for copying conditions.  There is NO
warranty; not even for MERCHANTABILITY or FITNESS FOR A PARTICULAR PURPOSE.

configure:3353: $? = 0
configure:3342: gcc -v >&5
Using built-in specs.
COLLECT_GCC=gcc
COLLECT_LTO_WRAPPER=/usr/lib/gcc/x86_64-linux-gnu/4.7/lto-wrapper
Target: x86_64-linux-gnu
Configured with: ../src/configure -v --with-pkgversion='Ubuntu/Linaro 4.7.2-2ubuntu1' --with-bugurl=file:///usr/share/doc/gcc-4.7/README.Bugs --enable-languages=c,c++,go,fortran,objc,obj-c++ --prefix=/usr --program-suffix=-4.7 --enable-shared --enable-linker-build-id --with-system-zlib --libexecdir=/usr/lib --without-included-gettext --enable-threads=posix --with-gxx-include-dir=/usr/include/c++/4.7 --libdir=/usr/lib --enable-nls --with-sysroot=/ --enable-clocale=gnu --enable-libstdcxx-debug --enable-libstdcxx-time=yes --enable-gnu-unique-object --enable-plugin --enable-objc-gc --disable-werror --with-arch-32=i686 --with-tune=generic --enable-checking=release --build=x86_64-linux-gnu --host=x86_64-linux-gnu --target=x86_64-linux-gnu
Thread model: posix
gcc version 4.7.2 (Ubuntu/Linaro 4.7.2-2ubuntu1) 
configure:3353: $? = 0
configure:3342: gcc -V >&5
gcc: error: unrecognized command line option '-V'
gcc: fatal error: no input files
compilation terminated.
configure:3353: $? = 4
configure:3342: gcc -qversion >&5
gcc: error: unrecognized command line option '-qversion'
gcc: fatal error: no input files
compilation terminated.
configure:3353: $? = 4
configure:3373: checking whether the C compiler works
configure:3395: gcc    conftest.c  >&5
configure:3399: $? = 0
configure:3447: result: yes
configure:3450: checking for C compiler default output file name
configure:3452: result: a.out
configure:3458: checking for suffix of executables
configure:3465: gcc -o conftest    conftest.c  >&5
configure:3469: $? = 0
configure:3491: result: 
configure:3513: checking whether we are cross compiling
configure:3521: gcc -o conftest    conftest.c  >&5
configure:3525: $? = 0
configure:3532: ./conftest
configure:3536: $? = 0
configure:3551: result: no
configure:3556: checking for suffix of object files
configure:3578: gcc -c   conftest.c >&5
configure:3582: $? = 0
configure:3603: result: o
configure:3607: checking whether we are using the GNU C compiler
configure:3626: gcc -c   conftest.c >&5
configure:3626: $? = 0
configure:3635: result: yes
configure:3644: checking whether gcc accepts -g
configure:3664: gcc -c -g  conftest.c >&5
configure:3664: $? = 0
configure:3705: result: yes
configure:3722: checking for gcc option to accept ISO C89
configure:3785: gcc  -c -g -O2  conftest.c >&5
configure:3785: $? = 0
configure:3798: result: none needed
configure:3820: checking dependency style of gcc
configure:3931: result: gcc3
configure:3946: checking for a sed that does not truncate output
configure:4010: result: /bin/sed
configure:4028: checking for grep that handles long lines and -e
configure:4086: result: /bin/grep
configure:4091: checking for egrep
configure:4153: result: /bin/grep -E
configure:4158: checking for fgrep
configure:4220: result: /bin/grep -F
configure:4255: checking for ld used by gcc
configure:4322: result: /usr/bin/ld
configure:4329: checking if the linker (/usr/bin/ld) is GNU ld
configure:4344: result: yes
configure:4356: checking for BSD- or MS-compatible name lister (nm)
configure:4405: result: /usr/bin/nm -B
configure:4535: checking the name lister (/usr/bin/nm -B) interface
configure:4542: gcc -c -g -O2  conftest.c >&5
configure:4545: /usr/bin/nm -B "conftest.o"
configure:4548: output
0000000000000000 B some_variable
configure:4555: result: BSD nm
configure:4558: checking whether ln -s works
configure:4562: result: yes
configure:4570: checking the maximum length of command line arguments
configure:4700: result: 1572864
configure:4717: checking whether the shell understands some XSI constructs
configure:4727: result: yes
configure:4731: checking whether the shell understands "+="
configure:4737: result: yes
configure:4772: checking how to convert x86_64-unknown-linux-gnu file names to x86_64-unknown-linux-gnu format
configure:4812: result: func_convert_file_noop
configure:4819: checking how to convert x86_64-unknown-linux-gnu file names to toolchain format
configure:4839: result: func_convert_file_noop
configure:4846: checking for /usr/bin/ld option to reload object files
configure:4853: result: -r
configure:4927: checking for objdump
configure:4943: found /usr/bin/objdump
configure:4954: result: objdump
configure:4986: checking how to recognize dependent libraries
configure:5188: result: pass_all
configure:5273: checking for dlltool
configure:5303: result: no
configure:5333: checking how to associate runtime and link libraries
configure:5360: result: printf %s\n
configure:5421: checking for ar
configure:5437: found /usr/bin/ar
configure:5448: result: ar
configure:5485: checking for archiver @FILE support
configure:5502: gcc -c -g -O2  conftest.c >&5
configure:5502: $? = 0
configure:5505: ar cru libconftest.a @conftest.lst >&5
configure:5508: $? = 0
configure:5513: ar cru libconftest.a @conftest.lst >&5
ar: conftest.o: No such file or directory
configure:5516: $? = 1
configure:5528: result: @
configure:5586: checking for strip
configure:5602: found /usr/bin/strip
configure:5613: result: strip
configure:5685: checking for ranlib
configure:5701: found /usr/bin/ranlib
configure:5712: result: ranlib
configure:5814: checking command to parse /usr/bin/nm -B output from gcc object
configure:5934: gcc -c -g -O2  conftest.c >&5
configure:5937: $? = 0
configure:5941: /usr/bin/nm -B conftest.o \| sed -n -e 's/^.*[ ]\([ABCDGIRSTW][ABCDGIRSTW]*\)[ ][ ]*\([_A-Za-z][_A-Za-z0-9]*\)$/\1 \2 \2/p' | sed '/ __gnu_lto/d' \> conftest.nm
configure:5944: $? = 0
configure:6010: gcc -o conftest -g -O2   conftest.c conftstm.o >&5
configure:6013: $? = 0
configure:6051: result: ok
configure:6088: checking for sysroot
configure:6118: result: no
configure:6195: gcc -c -g -O2  conftest.c >&5
configure:6198: $? = 0
configure:6374: checking for mt
configure:6390: found /bin/mt
configure:6401: result: mt
configure:6424: checking if mt is a manifest tool
configure:6430: mt '-?'
configure:6438: result: no
configure:7080: checking how to run the C preprocessor
configure:7111: gcc -E  conftest.c
configure:7111: $? = 0
configure:7125: gcc -E  conftest.c
conftest.c:11:28: fatal error: ac_nonexistent.h: No such file or directory
compilation terminated.
configure:7125: $? = 1
configure: failed program was:
| /* confdefs.h */
| #define PACKAGE_NAME "ivykis"
| #define PACKAGE_TARNAME "ivykis"
| #define PACKAGE_VERSION "0.36.1"
| #define PACKAGE_STRING "ivykis 0.36.1"
| #define PACKAGE_BUGREPORT "libivykis-discuss@lists.sourceforge.net"
| #define PACKAGE_URL ""
| #define PACKAGE "ivykis"
| #define VERSION "0.36.1"
| /* end confdefs.h.  */
| #include <ac_nonexistent.h>
configure:7150: result: gcc -E
configure:7170: gcc -E  conftest.c
configure:7170: $? = 0
configure:7184: gcc -E  conftest.c
conftest.c:11:28: fatal error: ac_nonexistent.h: No such file or directory
compilation terminated.
configure:7184: $? = 1
configure: failed program was:
| /* confdefs.h */
| #define PACKAGE_NAME "ivykis"
| #define PACKAGE_TARNAME "ivykis"
| #define PACKAGE_VERSION "0.36.1"
| #define PACKAGE_STRING "ivykis 0.36.1"
| #define PACKAGE_BUGREPORT "libivykis-discuss@lists.sourceforge.net"
| #define PACKAGE_URL ""
| #define PACKAGE "ivykis"
| #define VERSION "0.36.1"
| /* end confdefs.h.  */
| #include <ac_nonexistent.h>
configure:7213: checking for ANSI C header files
configure:7233: gcc -c -g -O2  conftest.c >&5
configure:7233: $? = 0
configure:7306: gcc -o conftest -g -O2   conftest.c  >&5
configure:7306: $? = 0
configure:7306: ./conftest
configure:7306: $? = 0
configure:7317: result: yes
configure:7330: checking for sys/types.h
configure:7330: gcc -c -g -O2  conftest.c >&5
configure:7330: $? = 0
configure:7330: result: yes
configure:7330: checking for sys/stat.h
configure:7330: gcc -c -g -O2  conftest.c >&5
configure:7330: $? = 0
configure:7330: result: yes
configure:7330: checking for stdlib.h
configure:7330: gcc -c -g -O2  conftest.c >&5
configure:7330: $? = 0
configure:7330: result: yes
configure:7330: checking for string.h
configure:7330: gcc -c -g -O2  conftest.c >&5
configure:7330: $? = 0
configure:7330: result: yes
configure:7330: checking for memory.h
configure:7330: gcc -c -g -O2  conftest.c >&5
configure:7330: $? = 0
configure:7330: result: yes
configure:7330: checking for strings.h
configure:7330: gcc -c -g -O2  conftest.c >&5
configure:7330: $? = 0
configure:7330: result: yes
configure:7330: checking for inttypes.h
configure:7330: gcc -c -g -O2  conftest.c >&5
configure:7330: $? = 0
configure:7330: result: yes
configure:7330: checking for stdint.h
configure:7330: gcc -c -g -O2  conftest.c >&5
configure:7330: $? = 0
configure:7330: result: yes
configure:7330: checking for unistd.h
configure:7330: gcc -c -g -O2  conftest.c >&5
configure:7330: $? = 0
configure:7330: result: yes
configure:7344: checking for dlfcn.h
configure:7344: gcc -c -g -O2  conftest.c >&5
configure:7344: $? = 0
configure:7344: result: yes
configure:7550: checking for objdir
configure:7565: result: .libs
configure:7832: checking if gcc supports -fno-rtti -fno-exceptions
configure:7850: gcc -c -g -O2  -fno-rtti -fno-exceptions conftest.c >&5
cc1: warning: command line option '-fno-rtti' is valid for C++/ObjC++ but not for C [enabled by default]
configure:7854: $? = 0
configure:7867: result: no
configure:8194: checking for gcc option to produce PIC
configure:8201: result: -fPIC -DPIC
configure:8209: checking if gcc PIC flag -fPIC -DPIC works
configure:8227: gcc -c -g -O2  -fPIC -DPIC -DPIC conftest.c >&5
configure:8231: $? = 0
configure:8244: result: yes
configure:8273: checking if gcc static flag -static works
configure:8301: result: yes
configure:8316: checking if gcc supports -c -o file.o
configure:8337: gcc -c -g -O2  -o out/conftest2.o conftest.c >&5
configure:8341: $? = 0
configure:8363: result: yes
configure:8371: checking if gcc supports -c -o file.o
configure:8418: result: yes
configure:8451: checking whether the gcc linker (/usr/bin/ld -m elf_x86_64) supports shared libraries
configure:9608: result: yes
configure:9848: checking dynamic linker characteristics
configure:10359: gcc -o conftest -g -O2   -Wl,-rpath -Wl,/foo conftest.c  >&5
configure:10359: $? = 0
configure:10593: result: GNU/Linux ld.so
configure:10700: checking how to hardcode library paths into programs
configure:10725: result: immediate
configure:11265: checking whether stripping libraries is possible
configure:11270: result: yes
configure:11305: checking if libtool supports shared libraries
configure:11307: result: yes
configure:11310: checking whether to build shared libraries
configure:11331: result: no
configure:11334: checking whether to build static libraries
configure:11338: result: yes
configure:11423: checking for gcc
configure:11450: result: gcc
configure:11679: checking for C compiler version
configure:11688: gcc --version >&5
gcc (Ubuntu/Linaro 4.7.2-2ubuntu1) 4.7.2
Copyright (C) 2012 Free Software Foundation, Inc.
This is free software; see the source for copying conditions.  There is NO
warranty; not even for MERCHANTABILITY or FITNESS FOR A PARTICULAR PURPOSE.

configure:11699: $? = 0
configure:11688: gcc -v >&5
Using built-in specs.
COLLECT_GCC=gcc
COLLECT_LTO_WRAPPER=/usr/lib/gcc/x86_64-linux-gnu/4.7/lto-wrapper
Target: x86_64-linux-gnu
Configured with: ../src/configure -v --with-pkgversion='Ubuntu/Linaro 4.7.2-2ubuntu1' --with-bugurl=file:///usr/share/doc/gcc-4.7/README.Bugs --enable-languages=c,c++,go,fortran,objc,obj-c++ --prefix=/usr --program-suffix=-4.7 --enable-shared --enable-linker-build-id --with-system-zlib --libexecdir=/usr/lib --without-included-gettext --enable-threads=posix --with-gxx-include-dir=/usr/include/c++/4.7 --libdir=/usr/lib --enable-nls --with-sysroot=/ --enable-clocale=gnu --enable-libstdcxx-debug --enable-libstdcxx-time=yes --enable-gnu-unique-object --enable-plugin --enable-objc-gc --disable-werror --with-arch-32=i686 --with-tune=generic --enable-checking=release --build=x86_64-linux-gnu --host=x86_64-linux-gnu --target=x86_64-linux-gnu
Thread model: posix
gcc version 4.7.2 (Ubuntu/Linaro 4.7.2-2ubuntu1) 
configure:11699: $? = 0
configure:11688: gcc -V >&5
gcc: error: unrecognized command line option '-V'
gcc: fatal error: no input files
compilation terminated.
configure:11699: $? = 4
configure:11688: gcc -qversion >&5
gcc: error: unrecognized command line option '-qversion'
gcc: fatal error: no input files
compilation terminated.
configure:11699: $? = 4
configure:11703: checking whether we are using the GNU C compiler
configure:11731: result: yes
configure:11740: checking whether gcc accepts -g
configure:11801: result: yes
configure:11818: checking for gcc option to accept ISO C89
configure:11894: result: none needed
configure:11916: checking dependency style of gcc
configure:12027: result: gcc3
configure:12048: checking host operating system type
configure:12058: gcc -c -g -O2 -Wall  conftest.c >&5
configure:12058: $? = 0
configure:12060: result: posix
configure:12087: checking for working __thread
configure:12121: gcc -c -g -O2 -Wall  conftest.c >&5
conftest.c:23:21: warning: 'p' defined but not used [-Wunused-variable]
configure:12121: $? = 0
configure:12125: result: yes
configure:12166: checking whether gcc accepts -pthread
configure:12184: gcc -c -pthread  conftest.c >&5
configure:12184: $? = 0
configure:12190: result: yes
configure:12207: checking whether gcc accepts -pthreads
configure:12225: gcc -c -pthreads  conftest.c >&5
gcc: error: unrecognized command line option '-pthreads'
configure:12225: $? = 1
configure: failed program was:
| /* confdefs.h */
| #define PACKAGE_NAME "ivykis"
| #define PACKAGE_TARNAME "ivykis"
| #define PACKAGE_VERSION "0.36.1"
| #define PACKAGE_STRING "ivykis 0.36.1"
| #define PACKAGE_BUGREPORT "libivykis-discuss@lists.sourceforge.net"
| #define PACKAGE_URL ""
| #define PACKAGE "ivykis"
| #define VERSION "0.36.1"
| #define STDC_HEADERS 1
| #define HAVE_SYS_TYPES_H 1
| #define HAVE_SYS_STAT_H 1
| #define HAVE_STDLIB_H 1
| #define HAVE_STRING_H 1
| #define HAVE_MEMORY_H 1
| #define HAVE_STRINGS_H 1
| #define HAVE_INTTYPES_H 1
| #define HAVE_STDINT_H 1
| #define HAVE_UNISTD_H 1
| #define HAVE_DLFCN_H 1
| #define LT_OBJDIR ".libs/"
| #define HAVE_THREAD 1
| /* end confdefs.h.  */
| 
| int
| main ()
| {
| 
|   ;
|   return 0;
| }
configure:12231: result: no
configure:12277: checking for library containing pthread_atfork
configure:12308: gcc -o conftest -g -O2 -Wall -pthread   conftest.c  >&5
configure:12308: $? = 0
configure:12325: result: none required
configure:12335: checking for library containing pthread_create
configure:12366: gcc -o conftest -g -O2 -Wall -pthread   conftest.c  >&5
configure:12366: $? = 0
configure:12383: result: none required
configure:12514: checking for __sync_lock_test_and_set()
configure:12531: gcc -o conftest -g -O2 -Wall -pthread   conftest.c  >&5
configure:12531: $? = 0
configure:12538: result: yes
configure:12550: checking process.h usability
configure:12550: gcc -c -g -O2 -Wall -pthread  conftest.c >&5
conftest.c:58:21: fatal error: process.h: No such file or directory
compilation terminated.
configure:12550: $? = 1
configure: failed program was:
| /* confdefs.h */
| #define PACKAGE_NAME "ivykis"
| #define PACKAGE_TARNAME "ivykis"
| #define PACKAGE_VERSION "0.36.1"
| #define PACKAGE_STRING "ivykis 0.36.1"
| #define PACKAGE_BUGREPORT "libivykis-discuss@lists.sourceforge.net"
| #define PACKAGE_URL ""
| #define PACKAGE "ivykis"
| #define VERSION "0.36.1"
| #define STDC_HEADERS 1
| #define HAVE_SYS_TYPES_H 1
| #define HAVE_SYS_STAT_H 1
| #define HAVE_STDLIB_H 1
| #define HAVE_STRING_H 1
| #define HAVE_MEMORY_H 1
| #define HAVE_STRINGS_H 1
| #define HAVE_INTTYPES_H 1
| #define HAVE_STDINT_H 1
| #define HAVE_UNISTD_H 1
| #define HAVE_DLFCN_H 1
| #define LT_OBJDIR ".libs/"
| #define HAVE_THREAD 1
| #define HAVE_SYNC_LOCK_TEST_AND_SET 1
| /* end confdefs.h.  */
| #include <stdio.h>
| #ifdef HAVE_SYS_TYPES_H
| # include <sys/types.h>
| #endif
| #ifdef HAVE_SYS_STAT_H
| # include <sys/stat.h>
| #endif
| #ifdef STDC_HEADERS
| # include <stdlib.h>
| # include <stddef.h>
| #else
| # ifdef HAVE_STDLIB_H
| #  include <stdlib.h>
| # endif
| #endif
| #ifdef HAVE_STRING_H
| # if !defined STDC_HEADERS && defined HAVE_MEMORY_H
| #  include <memory.h>
| # endif
| # include <string.h>
| #endif
| #ifdef HAVE_STRINGS_H
| # include <strings.h>
| #endif
| #ifdef HAVE_INTTYPES_H
| # include <inttypes.h>
| #endif
| #ifdef HAVE_STDINT_H
| # include <stdint.h>
| #endif
| #ifdef HAVE_UNISTD_H
| # include <unistd.h>
| #endif
| #include <process.h>
configure:12550: result: no
configure:12550: checking process.h presence
configure:12550: gcc -E  conftest.c
conftest.c:25:21: fatal error: process.h: No such file or directory
compilation terminated.
configure:12550: $? = 1
configure: failed program was:
| /* confdefs.h */
| #define PACKAGE_NAME "ivykis"
| #define PACKAGE_TARNAME "ivykis"
| #define PACKAGE_VERSION "0.36.1"
| #define PACKAGE_STRING "ivykis 0.36.1"
| #define PACKAGE_BUGREPORT "libivykis-discuss@lists.sourceforge.net"
| #define PACKAGE_URL ""
| #define PACKAGE "ivykis"
| #define VERSION "0.36.1"
| #define STDC_HEADERS 1
| #define HAVE_SYS_TYPES_H 1
| #define HAVE_SYS_STAT_H 1
| #define HAVE_STDLIB_H 1
| #define HAVE_STRING_H 1
| #define HAVE_MEMORY_H 1
| #define HAVE_STRINGS_H 1
| #define HAVE_INTTYPES_H 1
| #define HAVE_STDINT_H 1
| #define HAVE_UNISTD_H 1
| #define HAVE_DLFCN_H 1
| #define LT_OBJDIR ".libs/"
| #define HAVE_THREAD 1
| #define HAVE_SYNC_LOCK_TEST_AND_SET 1
| /* end confdefs.h.  */
| #include <process.h>
configure:12550: result: no
configure:12550: checking for process.h
configure:12550: result: no
configure:12562: checking sys/devpoll.h usability
configure:12562: gcc -c -g -O2 -Wall -pthread  conftest.c >&5
conftest.c:58:25: fatal error: sys/devpoll.h: No such file or directory
compilation terminated.
configure:12562: $? = 1
configure: failed program was:
| /* confdefs.h */
| #define PACKAGE_NAME "ivykis"
| #define PACKAGE_TARNAME "ivykis"
| #define PACKAGE_VERSION "0.36.1"
| #define PACKAGE_STRING "ivykis 0.36.1"
| #define PACKAGE_BUGREPORT "libivykis-discuss@lists.sourceforge.net"
| #define PACKAGE_URL ""
| #define PACKAGE "ivykis"
| #define VERSION "0.36.1"
| #define STDC_HEADERS 1
| #define HAVE_SYS_TYPES_H 1
| #define HAVE_SYS_STAT_H 1
| #define HAVE_STDLIB_H 1
| #define HAVE_STRING_H 1
| #define HAVE_MEMORY_H 1
| #define HAVE_STRINGS_H 1
| #define HAVE_INTTYPES_H 1
| #define HAVE_STDINT_H 1
| #define HAVE_UNISTD_H 1
| #define HAVE_DLFCN_H 1
| #define LT_OBJDIR ".libs/"
| #define HAVE_THREAD 1
| #define HAVE_SYNC_LOCK_TEST_AND_SET 1
| /* end confdefs.h.  */
| #include <stdio.h>
| #ifdef HAVE_SYS_TYPES_H
| # include <sys/types.h>
| #endif
| #ifdef HAVE_SYS_STAT_H
| # include <sys/stat.h>
| #endif
| #ifdef STDC_HEADERS
| # include <stdlib.h>
| # include <stddef.h>
| #else
| # ifdef HAVE_STDLIB_H
| #  include <stdlib.h>
| # endif
| #endif
| #ifdef HAVE_STRING_H
| # if !defined STDC_HEADERS && defined HAVE_MEMORY_H
| #  include <memory.h>
| # endif
| # include <string.h>
| #endif
| #ifdef HAVE_STRINGS_H
| # include <strings.h>
| #endif
| #ifdef HAVE_INTTYPES_H
| # include <inttypes.h>
| #endif
| #ifdef HAVE_STDINT_H
| # include <stdint.h>
| #endif
| #ifdef HAVE_UNISTD_H
| # include <unistd.h>
| #endif
| #include <sys/devpoll.h>
configure:12562: result: no
configure:12562: checking sys/devpoll.h presence
configure:12562: gcc -E  conftest.c
conftest.c:25:25: fatal error: sys/devpoll.h: No such file or directory
compilation terminated.
configure:12562: $? = 1
configure: failed program was:
| /* confdefs.h */
| #define PACKAGE_NAME "ivykis"
| #define PACKAGE_TARNAME "ivykis"
| #define PACKAGE_VERSION "0.36.1"
| #define PACKAGE_STRING "ivykis 0.36.1"
| #define PACKAGE_BUGREPORT "libivykis-discuss@lists.sourceforge.net"
| #define PACKAGE_URL ""
| #define PACKAGE "ivykis"
| #define VERSION "0.36.1"
| #define STDC_HEADERS 1
| #define HAVE_SYS_TYPES_H 1
| #define HAVE_SYS_STAT_H 1
| #define HAVE_STDLIB_H 1
| #define HAVE_STRING_H 1
| #define HAVE_MEMORY_H 1
| #define HAVE_STRINGS_H 1
| #define HAVE_INTTYPES_H 1
| #define HAVE_STDINT_H 1
| #define HAVE_UNISTD_H 1
| #define HAVE_DLFCN_H 1
| #define LT_OBJDIR ".libs/"
| #define HAVE_THREAD 1
| #define HAVE_SYNC_LOCK_TEST_AND_SET 1
| /* end confdefs.h.  */
| #include <sys/devpoll.h>
configure:12562: result: no
configure:12562: checking for sys/devpoll.h
configure:12562: result: no
configure:12574: checking sys/eventfd.h usability
configure:12574: gcc -c -g -O2 -Wall -pthread  conftest.c >&5
configure:12574: $? = 0
configure:12574: result: yes
configure:12574: checking sys/eventfd.h presence
configure:12574: gcc -E  conftest.c
configure:12574: $? = 0
configure:12574: result: yes
configure:12574: checking for sys/eventfd.h
configure:12574: result: yes
configure:12586: checking sys/syscall.h usability
configure:12586: gcc -c -g -O2 -Wall -pthread  conftest.c >&5
configure:12586: $? = 0
configure:12586: result: yes
configure:12586: checking sys/syscall.h presence
configure:12586: gcc -E  conftest.c
configure:12586: $? = 0
configure:12586: result: yes
configure:12586: checking for sys/syscall.h
configure:12586: result: yes
configure:12599: checking for sys/thr.h
configure:12599: gcc -c -g -O2 -Wall -pthread  conftest.c >&5
conftest.c:29:21: fatal error: sys/thr.h: No such file or directory
compilation terminated.
configure:12599: $? = 1
configure: failed program was:
| /* confdefs.h */
| #define PACKAGE_NAME "ivykis"
| #define PACKAGE_TARNAME "ivykis"
| #define PACKAGE_VERSION "0.36.1"
| #define PACKAGE_STRING "ivykis 0.36.1"
| #define PACKAGE_BUGREPORT "libivykis-discuss@lists.sourceforge.net"
| #define PACKAGE_URL ""
| #define PACKAGE "ivykis"
| #define VERSION "0.36.1"
| #define STDC_HEADERS 1
| #define HAVE_SYS_TYPES_H 1
| #define HAVE_SYS_STAT_H 1
| #define HAVE_STDLIB_H 1
| #define HAVE_STRING_H 1
| #define HAVE_MEMORY_H 1
| #define HAVE_STRINGS_H 1
| #define HAVE_INTTYPES_H 1
| #define HAVE_STDINT_H 1
| #define HAVE_UNISTD_H 1
| #define HAVE_DLFCN_H 1
| #define LT_OBJDIR ".libs/"
| #define HAVE_THREAD 1
| #define HAVE_SYNC_LOCK_TEST_AND_SET 1
| #define HAVE_SYS_EVENTFD_H 1
| #define HAVE_SYS_SYSCALL_H 1
| /* end confdefs.h.  */
| #include <sys/ucontext.h>
| 
| #include <sys/thr.h>
configure:12599: result: no
configure:12612: checking thread.h usability
configure:12612: gcc -c -g -O2 -Wall -pthread  conftest.c >&5
conftest.c:60:20: fatal error: thread.h: No such file or directory
compilation terminated.
configure:12612: $? = 1
configure: failed program was:
| /* confdefs.h */
| #define PACKAGE_NAME "ivykis"
| #define PACKAGE_TARNAME "ivykis"
| #define PACKAGE_VERSION "0.36.1"
| #define PACKAGE_STRING "ivykis 0.36.1"
| #define PACKAGE_BUGREPORT "libivykis-discuss@lists.sourceforge.net"
| #define PACKAGE_URL ""
| #define PACKAGE "ivykis"
| #define VERSION "0.36.1"
| #define STDC_HEADERS 1
| #define HAVE_SYS_TYPES_H 1
| #define HAVE_SYS_STAT_H 1
| #define HAVE_STDLIB_H 1
| #define HAVE_STRING_H 1
| #define HAVE_MEMORY_H 1
| #define HAVE_STRINGS_H 1
| #define HAVE_INTTYPES_H 1
| #define HAVE_STDINT_H 1
| #define HAVE_UNISTD_H 1
| #define HAVE_DLFCN_H 1
| #define LT_OBJDIR ".libs/"
| #define HAVE_THREAD 1
| #define HAVE_SYNC_LOCK_TEST_AND_SET 1
| #define HAVE_SYS_EVENTFD_H 1
| #define HAVE_SYS_SYSCALL_H 1
| /* end confdefs.h.  */
| #include <stdio.h>
| #ifdef HAVE_SYS_TYPES_H
| # include <sys/types.h>
| #endif
| #ifdef HAVE_SYS_STAT_H
| # include <sys/stat.h>
| #endif
| #ifdef STDC_HEADERS
| # include <stdlib.h>
| # include <stddef.h>
| #else
| # ifdef HAVE_STDLIB_H
| #  include <stdlib.h>
| # endif
| #endif
| #ifdef HAVE_STRING_H
| # if !defined STDC_HEADERS && defined HAVE_MEMORY_H
| #  include <memory.h>
| # endif
| # include <string.h>
| #endif
| #ifdef HAVE_STRINGS_H
| # include <strings.h>
| #endif
| #ifdef HAVE_INTTYPES_H
| # include <inttypes.h>
| #endif
| #ifdef HAVE_STDINT_H
| # include <stdint.h>
| #endif
| #ifdef HAVE_UNISTD_H
| # include <unistd.h>
| #endif
| #include <thread.h>
configure:12612: result: no
configure:12612: checking thread.h presence
configure:12612: gcc -E  conftest.c
conftest.c:27:20: fatal error: thread.h: No such file or directory
compilation terminated.
configure:12612: $? = 1
configure: failed program was:
| /* confdefs.h */
| #define PACKAGE_NAME "ivykis"
| #define PACKAGE_TARNAME "ivykis"
| #define PACKAGE_VERSION "0.36.1"
| #define PACKAGE_STRING "ivykis 0.36.1"
| #define PACKAGE_BUGREPORT "libivykis-discuss@lists.sourceforge.net"
| #define PACKAGE_URL ""
| #define PACKAGE "ivykis"
| #define VERSION "0.36.1"
| #define STDC_HEADERS 1
| #define HAVE_SYS_TYPES_H 1
| #define HAVE_SYS_STAT_H 1
| #define HAVE_STDLIB_H 1
| #define HAVE_STRING_H 1
| #define HAVE_MEMORY_H 1
| #define HAVE_STRINGS_H 1
| #define HAVE_INTTYPES_H 1
| #define HAVE_STDINT_H 1
| #define HAVE_UNISTD_H 1
| #define HAVE_DLFCN_H 1
| #define LT_OBJDIR ".libs/"
| #define HAVE_THREAD 1
| #define HAVE_SYNC_LOCK_TEST_AND_SET 1
| #define HAVE_SYS_EVENTFD_H 1
| #define HAVE_SYS_SYSCALL_H 1
| /* end confdefs.h.  */
| #include <thread.h>
configure:12612: result: no
configure:12612: checking for thread.h
configure:12612: result: no
configure:12624: checking for linux/netfilter_ipv4.h
configure:12636: gcc -c -g -O2 -Wall -pthread  conftest.c >&5
configure:12636: $? = 0
configure:12642: result: yes
configure:12648: checking for struct timespec.tv_sec
configure:12648: gcc -c -g -O2 -Wall -pthread  conftest.c >&5
configure:12648: $? = 0
configure:12648: result: yes
configure:12668: checking for library containing clock_gettime
configure:12699: gcc -o conftest -g -O2 -Wall -pthread   conftest.c  >&5
/tmp/ccJlRI5R.o: In function `main':
/home/plagueis/Projects/syslog-ng-3.4/b/lib/ivykis/conftest.c:38: undefined reference to `clock_gettime'
collect2: error: ld returned 1 exit status
configure:12699: $? = 1
configure: failed program was:
| /* confdefs.h */
| #define PACKAGE_NAME "ivykis"
| #define PACKAGE_TARNAME "ivykis"
| #define PACKAGE_VERSION "0.36.1"
| #define PACKAGE_STRING "ivykis 0.36.1"
| #define PACKAGE_BUGREPORT "libivykis-discuss@lists.sourceforge.net"
| #define PACKAGE_URL ""
| #define PACKAGE "ivykis"
| #define VERSION "0.36.1"
| #define STDC_HEADERS 1
| #define HAVE_SYS_TYPES_H 1
| #define HAVE_SYS_STAT_H 1
| #define HAVE_STDLIB_H 1
| #define HAVE_STRING_H 1
| #define HAVE_MEMORY_H 1
| #define HAVE_STRINGS_H 1
| #define HAVE_INTTYPES_H 1
| #define HAVE_STDINT_H 1
| #define HAVE_UNISTD_H 1
| #define HAVE_DLFCN_H 1
| #define LT_OBJDIR ".libs/"
| #define HAVE_THREAD 1
| #define HAVE_SYNC_LOCK_TEST_AND_SET 1
| #define HAVE_SYS_EVENTFD_H 1
| #define HAVE_SYS_SYSCALL_H 1
| /* end confdefs.h.  */
| 
| /* Override any GCC internal prototype to avoid an error.
|    Use char because int might match the return type of a GCC
|    builtin and then its argument prototype would still apply.  */
| #ifdef __cplusplus
| extern "C"
| #endif
| char clock_gettime ();
| int
| main ()
| {
| return clock_gettime ();
|   ;
|   return 0;
| }
configure:12699: gcc -o conftest -g -O2 -Wall -pthread   conftest.c -lrt   >&5
configure:12699: $? = 0
configure:12716: result: -lrt
configure:12726: checking for clock_gettime
configure:12726: gcc -o conftest -g -O2 -Wall -pthread   conftest.c -lrt  >&5
configure:12726: $? = 0
configure:12726: result: yes
configure:12737: checking for CLOCK_MONOTONIC
configure:12750: gcc -c -g -O2 -Wall -pthread  conftest.c >&5
configure:12750: $? = 0
configure:12756: result: yes
configure:12766: checking for CLOCK_REALTIME
configure:12779: gcc -c -g -O2 -Wall -pthread  conftest.c >&5
configure:12779: $? = 0
configure:12785: result: yes
configure:12797: checking for library containing inet_ntop
configure:12828: gcc -o conftest -g -O2 -Wall -pthread   conftest.c -lrt  >&5
configure:12828: $? = 0
configure:12845: result: none required
configure:12853: checking for library containing socket
configure:12884: gcc -o conftest -g -O2 -Wall -pthread   conftest.c -lrt  >&5
configure:12884: $? = 0
configure:12901: result: none required
configure:12909: checking for library containing thr_self
configure:12940: gcc -o conftest -g -O2 -Wall -pthread   conftest.c -lrt  >&5
/tmp/ccNcwyHE.o: In function `main':
/home/plagueis/Projects/syslog-ng-3.4/b/lib/ivykis/conftest.c:41: undefined reference to `thr_self'
collect2: error: ld returned 1 exit status
configure:12940: $? = 1
configure: failed program was:
| /* confdefs.h */
| #define PACKAGE_NAME "ivykis"
| #define PACKAGE_TARNAME "ivykis"
| #define PACKAGE_VERSION "0.36.1"
| #define PACKAGE_STRING "ivykis 0.36.1"
| #define PACKAGE_BUGREPORT "libivykis-discuss@lists.sourceforge.net"
| #define PACKAGE_URL ""
| #define PACKAGE "ivykis"
| #define VERSION "0.36.1"
| #define STDC_HEADERS 1
| #define HAVE_SYS_TYPES_H 1
| #define HAVE_SYS_STAT_H 1
| #define HAVE_STDLIB_H 1
| #define HAVE_STRING_H 1
| #define HAVE_MEMORY_H 1
| #define HAVE_STRINGS_H 1
| #define HAVE_INTTYPES_H 1
| #define HAVE_STDINT_H 1
| #define HAVE_UNISTD_H 1
| #define HAVE_DLFCN_H 1
| #define LT_OBJDIR ".libs/"
| #define HAVE_THREAD 1
| #define HAVE_SYNC_LOCK_TEST_AND_SET 1
| #define HAVE_SYS_EVENTFD_H 1
| #define HAVE_SYS_SYSCALL_H 1
| #define HAVE_CLOCK_GETTIME 1
| #define HAVE_CLOCK_MONOTONIC 1
| #define HAVE_CLOCK_REALTIME 1
| /* end confdefs.h.  */
| 
| /* Override any GCC internal prototype to avoid an error.
|    Use char because int might match the return type of a GCC
|    builtin and then its argument prototype would still apply.  */
| #ifdef __cplusplus
| extern "C"
| #endif
| char thr_self ();
| int
| main ()
| {
| return thr_self ();
|   ;
|   return 0;
| }
configure:12940: gcc -o conftest -g -O2 -Wall -pthread   conftest.c -lthread  -lrt  >&5
/usr/bin/ld: cannot find -lthread
collect2: error: ld returned 1 exit status
configure:12940: $? = 1
configure: failed program was:
| /* confdefs.h */
| #define PACKAGE_NAME "ivykis"
| #define PACKAGE_TARNAME "ivykis"
| #define PACKAGE_VERSION "0.36.1"
| #define PACKAGE_STRING "ivykis 0.36.1"
| #define PACKAGE_BUGREPORT "libivykis-discuss@lists.sourceforge.net"
| #define PACKAGE_URL ""
| #define PACKAGE "ivykis"
| #define VERSION "0.36.1"
| #define STDC_HEADERS 1
| #define HAVE_SYS_TYPES_H 1
| #define HAVE_SYS_STAT_H 1
| #define HAVE_STDLIB_H 1
| #define HAVE_STRING_H 1
| #define HAVE_MEMORY_H 1
| #define HAVE_STRINGS_H 1
| #define HAVE_INTTYPES_H 1
| #define HAVE_STDINT_H 1
| #define HAVE_UNISTD_H 1
| #define HAVE_DLFCN_H 1
| #define LT_OBJDIR ".libs/"
| #define HAVE_THREAD 1
| #define HAVE_SYNC_LOCK_TEST_AND_SET 1
| #define HAVE_SYS_EVENTFD_H 1
| #define HAVE_SYS_SYSCALL_H 1
| #define HAVE_CLOCK_GETTIME 1
| #define HAVE_CLOCK_MONOTONIC 1
| #define HAVE_CLOCK_REALTIME 1
| /* end confdefs.h.  */
| 
| /* Override any GCC internal prototype to avoid an error.
|    Use char because int might match the return type of a GCC
|    builtin and then its argument prototype would still apply.  */
| #ifdef __cplusplus
| extern "C"
| #endif
| char thr_self ();
| int
| main ()
| {
| return thr_self ();
|   ;
|   return 0;
| }
configure:12957: result: no
configure:12969: checking for epoll_create
configure:12969: gcc -o conftest -g -O2 -Wall -pthread   conftest.c -lrt  >&5
configure:12969: $? = 0
configure:12969: result: yes
configure:12980: checking for epoll_create1
configure:12980: gcc -o conftest -g -O2 -Wall -pthread   conftest.c -lrt  >&5
configure:12980: $? = 0
configure:12980: result: yes
configure:12991: checking for eventfd
configure:12991: gcc -o conftest -g -O2 -Wall -pthread   conftest.c -lrt  >&5
configure:12991: $? = 0
configure:12991: result: yes
configure:13002: checking for gettid
configure:13002: gcc -o conftest -g -O2 -Wall -pthread   conftest.c -lrt  >&5
/tmp/ccZLBMuc.o: In function `main':
/home/plagueis/Projects/syslog-ng-3.4/b/lib/ivykis/conftest.c:67: undefined reference to `gettid'
collect2: error: ld returned 1 exit status
configure:13002: $? = 1
configure: failed program was:
| /* confdefs.h */
| #define PACKAGE_NAME "ivykis"
| #define PACKAGE_TARNAME "ivykis"
| #define PACKAGE_VERSION "0.36.1"
| #define PACKAGE_STRING "ivykis 0.36.1"
| #define PACKAGE_BUGREPORT "libivykis-discuss@lists.sourceforge.net"
| #define PACKAGE_URL ""
| #define PACKAGE "ivykis"
| #define VERSION "0.36.1"
| #define STDC_HEADERS 1
| #define HAVE_SYS_TYPES_H 1
| #define HAVE_SYS_STAT_H 1
| #define HAVE_STDLIB_H 1
| #define HAVE_STRING_H 1
| #define HAVE_MEMORY_H 1
| #define HAVE_STRINGS_H 1
| #define HAVE_INTTYPES_H 1
| #define HAVE_STDINT_H 1
| #define HAVE_UNISTD_H 1
| #define HAVE_DLFCN_H 1
| #define LT_OBJDIR ".libs/"
| #define HAVE_THREAD 1
| #define HAVE_SYNC_LOCK_TEST_AND_SET 1
| #define HAVE_SYS_EVENTFD_H 1
| #define HAVE_SYS_SYSCALL_H 1
| #define HAVE_CLOCK_GETTIME 1
| #define HAVE_CLOCK_MONOTONIC 1
| #define HAVE_CLOCK_REALTIME 1
| #define HAVE_EPOLL_CREATE 1
| #define HAVE_EPOLL_CREATE1 1
| #define HAVE_EVENTFD 1
| /* end confdefs.h.  */
| /* Define gettid to an innocuous variant, in case <limits.h> declares gettid.
|    For example, HP-UX 11i <limits.h> declares gettimeofday.  */
| #define gettid innocuous_gettid
| 
| /* System header to define __stub macros and hopefully few prototypes,
|     which can conflict with char gettid (); below.
|     Prefer <limits.h> to <assert.h> if __STDC__ is defined, since
|     <limits.h> exists even on freestanding compilers.  */
| 
| #ifdef __STDC__
| # include <limits.h>
| #else
| # include <assert.h>
| #endif
| 
| #undef gettid
| 
| /* Override any GCC internal prototype to avoid an error.
|    Use char because int might match the return type of a GCC
|    builtin and then its argument prototype would still apply.  */
| #ifdef __cplusplus
| extern "C"
| #endif
| char gettid ();
| /* The GNU C library defines this for functions which it implements
|     to always fail with ENOSYS.  Some functions are actually named
|     something starting with __ and the normal name is an alias.  */
| #if defined __stub_gettid || defined __stub___gettid
| choke me
| #endif
| 
| int
| main ()
| {
| return gettid ();
|   ;
|   return 0;
| }
configure:13002: result: no
configure:13013: checking for inotify_init
configure:13013: gcc -o conftest -g -O2 -Wall -pthread   conftest.c -lrt  >&5
configure:13013: $? = 0
configure:13013: result: yes
configure:13024: checking for kqueue
configure:13024: gcc -o conftest -g -O2 -Wall -pthread   conftest.c -lrt  >&5
/tmp/cc7nqbLv.o: In function `main':
/home/plagueis/Projects/syslog-ng-3.4/b/lib/ivykis/conftest.c:68: undefined reference to `kqueue'
collect2: error: ld returned 1 exit status
configure:13024: $? = 1
configure: failed program was:
| /* confdefs.h */
| #define PACKAGE_NAME "ivykis"
| #define PACKAGE_TARNAME "ivykis"
| #define PACKAGE_VERSION "0.36.1"
| #define PACKAGE_STRING "ivykis 0.36.1"
| #define PACKAGE_BUGREPORT "libivykis-discuss@lists.sourceforge.net"
| #define PACKAGE_URL ""
| #define PACKAGE "ivykis"
| #define VERSION "0.36.1"
| #define STDC_HEADERS 1
| #define HAVE_SYS_TYPES_H 1
| #define HAVE_SYS_STAT_H 1
| #define HAVE_STDLIB_H 1
| #define HAVE_STRING_H 1
| #define HAVE_MEMORY_H 1
| #define HAVE_STRINGS_H 1
| #define HAVE_INTTYPES_H 1
| #define HAVE_STDINT_H 1
| #define HAVE_UNISTD_H 1
| #define HAVE_DLFCN_H 1
| #define LT_OBJDIR ".libs/"
| #define HAVE_THREAD 1
| #define HAVE_SYNC_LOCK_TEST_AND_SET 1
| #define HAVE_SYS_EVENTFD_H 1
| #define HAVE_SYS_SYSCALL_H 1
| #define HAVE_CLOCK_GETTIME 1
| #define HAVE_CLOCK_MONOTONIC 1
| #define HAVE_CLOCK_REALTIME 1
| #define HAVE_EPOLL_CREATE 1
| #define HAVE_EPOLL_CREATE1 1
| #define HAVE_EVENTFD 1
| #define HAVE_INOTIFY_INIT 1
| /* end confdefs.h.  */
| /* Define kqueue to an innocuous variant, in case <limits.h> declares kqueue.
|    For example, HP-UX 11i <limits.h> declares gettimeofday.  */
| #define kqueue innocuous_kqueue
| 
| /* System header to define __stub macros and hopefully few prototypes,
|     which can conflict with char kqueue (); below.
|     Prefer <limits.h> to <assert.h> if __STDC__ is defined, since
|     <limits.h> exists even on freestanding compilers.  */
| 
| #ifdef __STDC__
| # include <limits.h>
| #else
| # include <assert.h>
| #endif
| 
| #undef kqueue
| 
| /* Override any GCC internal prototype to avoid an error.
|    Use char because int might match the return type of a GCC
|    builtin and then its argument prototype would still apply.  */
| #ifdef __cplusplus
| extern "C"
| #endif
| char kqueue ();
| /* The GNU C library defines this for functions which it implements
|     to always fail with ENOSYS.  Some functions are actually named
|     something starting with __ and the normal name is an alias.  */
| #if defined __stub_kqueue || defined __stub___kqueue
| choke me
| #endif
| 
| int
| main ()
| {
| return kqueue ();
|   ;
|   return 0;
| }
configure:13024: result: no
configure:13035: checking for lwp_gettid
configure:13035: gcc -o conftest -g -O2 -Wall -pthread   conftest.c -lrt  >&5
/tmp/ccyE5AvB.o: In function `main':
/home/plagueis/Projects/syslog-ng-3.4/b/lib/ivykis/conftest.c:68: undefined reference to `lwp_gettid'
collect2: error: ld returned 1 exit status
configure:13035: $? = 1
configure: failed program was:
| /* confdefs.h */
| #define PACKAGE_NAME "ivykis"
| #define PACKAGE_TARNAME "ivykis"
| #define PACKAGE_VERSION "0.36.1"
| #define PACKAGE_STRING "ivykis 0.36.1"
| #define PACKAGE_BUGREPORT "libivykis-discuss@lists.sourceforge.net"
| #define PACKAGE_URL ""
| #define PACKAGE "ivykis"
| #define VERSION "0.36.1"
| #define STDC_HEADERS 1
| #define HAVE_SYS_TYPES_H 1
| #define HAVE_SYS_STAT_H 1
| #define HAVE_STDLIB_H 1
| #define HAVE_STRING_H 1
| #define HAVE_MEMORY_H 1
| #define HAVE_STRINGS_H 1
| #define HAVE_INTTYPES_H 1
| #define HAVE_STDINT_H 1
| #define HAVE_UNISTD_H 1
| #define HAVE_DLFCN_H 1
| #define LT_OBJDIR ".libs/"
| #define HAVE_THREAD 1
| #define HAVE_SYNC_LOCK_TEST_AND_SET 1
| #define HAVE_SYS_EVENTFD_H 1
| #define HAVE_SYS_SYSCALL_H 1
| #define HAVE_CLOCK_GETTIME 1
| #define HAVE_CLOCK_MONOTONIC 1
| #define HAVE_CLOCK_REALTIME 1
| #define HAVE_EPOLL_CREATE 1
| #define HAVE_EPOLL_CREATE1 1
| #define HAVE_EVENTFD 1
| #define HAVE_INOTIFY_INIT 1
| /* end confdefs.h.  */
| /* Define lwp_gettid to an innocuous variant, in case <limits.h> declares lwp_gettid.
|    For example, HP-UX 11i <limits.h> declares gettimeofday.  */
| #define lwp_gettid innocuous_lwp_gettid
| 
| /* System header to define __stub macros and hopefully few prototypes,
|     which can conflict with char lwp_gettid (); below.
|     Prefer <limits.h> to <assert.h> if __STDC__ is defined, since
|     <limits.h> exists even on freestanding compilers.  */
| 
| #ifdef __STDC__
| # include <limits.h>
| #else
| # include <assert.h>
| #endif
| 
| #undef lwp_gettid
| 
| /* Override any GCC internal prototype to avoid an error.
|    Use char because int might match the return type of a GCC
|    builtin and then its argument prototype would still apply.  */
| #ifdef __cplusplus
| extern "C"
| #endif
| char lwp_gettid ();
| /* The GNU C library defines this for functions which it implements
|     to always fail with ENOSYS.  Some functions are actually named
|     something starting with __ and the normal name is an alias.  */
| #if defined __stub_lwp_gettid || defined __stub___lwp_gettid
| choke me
| #endif
| 
| int
| main ()
| {
| return lwp_gettid ();
|   ;
|   return 0;
| }
configure:13035: result: no
configure:13046: checking for port_create
configure:13046: gcc -o conftest -g -O2 -Wall -pthread   conftest.c -lrt  >&5
/tmp/cchyJzvM.o: In function `main':
/home/plagueis/Projects/syslog-ng-3.4/b/lib/ivykis/conftest.c:68: undefined reference to `port_create'
collect2: error: ld returned 1 exit status
configure:13046: $? = 1
configure: failed program was:
| /* confdefs.h */
| #define PACKAGE_NAME "ivykis"
| #define PACKAGE_TARNAME "ivykis"
| #define PACKAGE_VERSION "0.36.1"
| #define PACKAGE_STRING "ivykis 0.36.1"
| #define PACKAGE_BUGREPORT "libivykis-discuss@lists.sourceforge.net"
| #define PACKAGE_URL ""
| #define PACKAGE "ivykis"
| #define VERSION "0.36.1"
| #define STDC_HEADERS 1
| #define HAVE_SYS_TYPES_H 1
| #define HAVE_SYS_STAT_H 1
| #define HAVE_STDLIB_H 1
| #define HAVE_STRING_H 1
| #define HAVE_MEMORY_H 1
| #define HAVE_STRINGS_H 1
| #define HAVE_INTTYPES_H 1
| #define HAVE_STDINT_H 1
| #define HAVE_UNISTD_H 1
| #define HAVE_DLFCN_H 1
| #define LT_OBJDIR ".libs/"
| #define HAVE_THREAD 1
| #define HAVE_SYNC_LOCK_TEST_AND_SET 1
| #define HAVE_SYS_EVENTFD_H 1
| #define HAVE_SYS_SYSCALL_H 1
| #define HAVE_CLOCK_GETTIME 1
| #define HAVE_CLOCK_MONOTONIC 1
| #define HAVE_CLOCK_REALTIME 1
| #define HAVE_EPOLL_CREATE 1
| #define HAVE_EPOLL_CREATE1 1
| #define HAVE_EVENTFD 1
| #define HAVE_INOTIFY_INIT 1
| /* end confdefs.h.  */
| /* Define port_create to an innocuous variant, in case <limits.h> declares port_create.
|    For example, HP-UX 11i <limits.h> declares gettimeofday.  */
| #define port_create innocuous_port_create
| 
| /* System header to define __stub macros and hopefully few prototypes,
|     which can conflict with char port_create (); below.
|     Prefer <limits.h> to <assert.h> if __STDC__ is defined, since
|     <limits.h> exists even on freestanding compilers.  */
| 
| #ifdef __STDC__
| # include <limits.h>
| #else
| # include <assert.h>
| #endif
| 
| #undef port_create
| 
| /* Override any GCC internal prototype to avoid an error.
|    Use char because int might match the return type of a GCC
|    builtin and then its argument prototype would still apply.  */
| #ifdef __cplusplus
| extern "C"
| #endif
| char port_create ();
| /* The GNU C library defines this for functions which it implements
|     to always fail with ENOSYS.  Some functions are actually named
|     something starting with __ and the normal name is an alias.  */
| #if defined __stub_port_create || defined __stub___port_create
| choke me
| #endif
| 
| int
| main ()
| {
| return port_create ();
|   ;
|   return 0;
| }
configure:13046: result: no
configure:13057: checking for pthread_spin_lock
configure:13057: gcc -o conftest -g -O2 -Wall -pthread   conftest.c -lrt  >&5
configure:13057: $? = 0
configure:13057: result: yes
configure:13068: checking for thr_self
configure:13068: gcc -o conftest -g -O2 -Wall -pthread   conftest.c -lrt  >&5
/tmp/ccWr4M1R.o: In function `main':
/home/plagueis/Projects/syslog-ng-3.4/b/lib/ivykis/conftest.c:69: undefined reference to `thr_self'
collect2: error: ld returned 1 exit status
configure:13068: $? = 1
configure: failed program was:
| /* confdefs.h */
| #define PACKAGE_NAME "ivykis"
| #define PACKAGE_TARNAME "ivykis"
| #define PACKAGE_VERSION "0.36.1"
| #define PACKAGE_STRING "ivykis 0.36.1"
| #define PACKAGE_BUGREPORT "libivykis-discuss@lists.sourceforge.net"
| #define PACKAGE_URL ""
| #define PACKAGE "ivykis"
| #define VERSION "0.36.1"
| #define STDC_HEADERS 1
| #define HAVE_SYS_TYPES_H 1
| #define HAVE_SYS_STAT_H 1
| #define HAVE_STDLIB_H 1
| #define HAVE_STRING_H 1
| #define HAVE_MEMORY_H 1
| #define HAVE_STRINGS_H 1
| #define HAVE_INTTYPES_H 1
| #define HAVE_STDINT_H 1
| #define HAVE_UNISTD_H 1
| #define HAVE_DLFCN_H 1
| #define LT_OBJDIR ".libs/"
| #define HAVE_THREAD 1
| #define HAVE_SYNC_LOCK_TEST_AND_SET 1
| #define HAVE_SYS_EVENTFD_H 1
| #define HAVE_SYS_SYSCALL_H 1
| #define HAVE_CLOCK_GETTIME 1
| #define HAVE_CLOCK_MONOTONIC 1
| #define HAVE_CLOCK_REALTIME 1
| #define HAVE_EPOLL_CREATE 1
| #define HAVE_EPOLL_CREATE1 1
| #define HAVE_EVENTFD 1
| #define HAVE_INOTIFY_INIT 1
| #define HAVE_PTHREAD_SPIN_LOCK 1
| /* end confdefs.h.  */
| /* Define thr_self to an innocuous variant, in case <limits.h> declares thr_self.
|    For example, HP-UX 11i <limits.h> declares gettimeofday.  */
| #define thr_self innocuous_thr_self
| 
| /* System header to define __stub macros and hopefully few prototypes,
|     which can conflict with char thr_self (); below.
|     Prefer <limits.h> to <assert.h> if __STDC__ is defined, since
|     <limits.h> exists even on freestanding compilers.  */
| 
| #ifdef __STDC__
| # include <limits.h>
| #else
| # include <assert.h>
| #endif
| 
| #undef thr_self
| 
| /* Override any GCC internal prototype to avoid an error.
|    Use char because int might match the return type of a GCC
|    builtin and then its argument prototype would still apply.  */
| #ifdef __cplusplus
| extern "C"
| #endif
| char thr_self ();
| /* The GNU C library defines this for functions which it implements
|     to always fail with ENOSYS.  Some functions are actually named
|     something starting with __ and the normal name is an alias.  */
| #if defined __stub_thr_self || defined __stub___thr_self
| choke me
| #endif
| 
| int
| main ()
| {
| return thr_self ();
|   ;
|   return 0;
| }
configure:13068: result: no
configure:13086: checking for splice
configure:13086: gcc -o conftest -g -O2 -Wall -pthread   conftest.c -lrt  >&5
configure:13086: $? = 0
configure:13086: result: yes
configure:13128: checking for wait4
configure:13128: gcc -o conftest -g -O2 -Wall -pthread   conftest.c -lrt  >&5
configure:13128: $? = 0
configure:13128: result: yes
configure:13142: checking whether /usr/bin/ld -m elf_x86_64 supports symbol version scripts
configure:13161: gcc -o conftest -g -O2 -Wall -pthread   -Wl,--version-script,conftest.ver conftest.c -lrt  >&5
configure:13161: $? = 0
configure:13168: result: yes
configure:13738: creating ./config.status

## ---------------------- ##
## Running config.status. ##
## ---------------------- ##

This file was extended by ivykis config.status 0.36.1, which was
generated by GNU Autoconf 2.69.  Invocation command line was

  CONFIG_FILES    = 
  CONFIG_HEADERS  = 
  CONFIG_LINKS    = 
  CONFIG_COMMANDS = 
  $ ./config.status 

on r2-d2

config.status:1122: creating Makefile
config.status:1122: creating contrib/Makefile
config.status:1122: creating contrib/iv_getaddrinfo/Makefile
config.status:1122: creating contrib/kojines/Makefile
config.status:1122: creating man3/Makefile
config.status:1122: creating misc/Makefile
config.status:1122: creating misc/ivykis.pc
config.status:1122: creating src/Makefile
config.status:1122: creating src/include/iv.h
config.status:1122: creating test/Makefile
config.status:1122: creating config.h
config.status:1336: executing depfiles commands
config.status:1336: executing libtool commands

## ---------------- ##
## Cache variables. ##
## ---------------- ##

ac_cv_build=x86_64-unknown-linux-gnu
ac_cv_c_compiler_gnu=yes
ac_cv_define_clock_monotonic=yes
ac_cv_define_clock_realtime=yes
ac_cv_env_CC_set=
ac_cv_env_CC_value=
ac_cv_env_CFLAGS_set=
ac_cv_env_CFLAGS_value=
ac_cv_env_CPPFLAGS_set=
ac_cv_env_CPPFLAGS_value=
ac_cv_env_CPP_set=
ac_cv_env_CPP_value=
ac_cv_env_LDFLAGS_set=
ac_cv_env_LDFLAGS_value=
ac_cv_env_LIBS_set=
ac_cv_env_LIBS_value=
ac_cv_env_build_alias_set=
ac_cv_env_build_alias_value=
ac_cv_env_host_alias_set=
ac_cv_env_host_alias_value=
ac_cv_env_target_alias_set=
ac_cv_env_target_alias_value=
ac_cv_func_clock_gettime=yes
ac_cv_func_epoll_create1=yes
ac_cv_func_epoll_create=yes
ac_cv_func_eventfd=yes
ac_cv_func_gettid=no
ac_cv_func_inotify_init=yes
ac_cv_func_kqueue=no
ac_cv_func_lwp_gettid=no
ac_cv_func_port_create=no
ac_cv_func_pthread_spin_lock=yes
ac_cv_func_splice=yes
ac_cv_func_sync_lock_test_and_set=yes
ac_cv_func_thr_self=no
ac_cv_func_wait4=yes
ac_cv_header_dlfcn_h=yes
ac_cv_header_inttypes_h=yes
ac_cv_header_linux_netfilter_ipv4_h=yes
ac_cv_header_memory_h=yes
ac_cv_header_process_h=no
ac_cv_header_stdc=yes
ac_cv_header_stdint_h=yes
ac_cv_header_stdlib_h=yes
ac_cv_header_string_h=yes
ac_cv_header_strings_h=yes
ac_cv_header_sys_devpoll_h=no
ac_cv_header_sys_eventfd_h=yes
ac_cv_header_sys_stat_h=yes
ac_cv_header_sys_syscall_h=yes
ac_cv_header_sys_thr_h=no
ac_cv_header_sys_types_h=yes
ac_cv_header_thread_h=no
ac_cv_header_unistd_h=yes
ac_cv_host=x86_64-unknown-linux-gnu
ac_cv_host_system=posix
ac_cv_member_struct_timespec_tv_sec=yes
ac_cv_objext=o
ac_cv_path_EGREP='/bin/grep -E'
ac_cv_path_FGREP='/bin/grep -F'
ac_cv_path_GREP=/bin/grep
ac_cv_path_SED=/bin/sed
ac_cv_path_install='/usr/bin/install -c'
ac_cv_path_mkdir=/bin/mkdir
ac_cv_prog_AWK=gawk
ac_cv_prog_CPP='gcc -E'
ac_cv_prog_ac_ct_AR=ar
ac_cv_prog_ac_ct_CC=gcc
ac_cv_prog_ac_ct_MANIFEST_TOOL=mt
ac_cv_prog_ac_ct_OBJDUMP=objdump
ac_cv_prog_ac_ct_RANLIB=ranlib
ac_cv_prog_ac_ct_STRIP=strip
ac_cv_prog_cc_c89=
ac_cv_prog_cc_g=yes
ac_cv_prog_cc_pthread=yes
ac_cv_prog_cc_pthreads=no
ac_cv_prog_ld_version_script=yes
ac_cv_prog_make_make_set=yes
ac_cv_search_clock_gettime=-lrt
ac_cv_search_inet_ntop='none required'
ac_cv_search_pthread_atfork='none required'
ac_cv_search_pthread_create='none required'
ac_cv_search_socket='none required'
ac_cv_search_thr_self=no
ac_cv_timespec_hdr=sys/time.h
am_cv_CC_dependencies_compiler_type=gcc3
lt_cv_ar_at_file=@
lt_cv_deplibs_check_method=pass_all
lt_cv_file_magic_cmd='$MAGIC_CMD'
lt_cv_file_magic_test_file=
lt_cv_ld_reload_flag=-r
lt_cv_nm_interface='BSD nm'
lt_cv_objdir=.libs
lt_cv_path_LD=/usr/bin/ld
lt_cv_path_NM='/usr/bin/nm -B'
lt_cv_path_mainfest_tool=no
lt_cv_prog_compiler_c_o=yes
lt_cv_prog_compiler_pic='-fPIC -DPIC'
lt_cv_prog_compiler_pic_works=yes
lt_cv_prog_compiler_rtti_exceptions=no
lt_cv_prog_compiler_static_works=yes
lt_cv_prog_gnu_ld=yes
lt_cv_sharedlib_from_linklib_cmd='printf %s\n'
lt_cv_shlibpath_overrides_runpath=no
lt_cv_sys_global_symbol_pipe='sed -n -e '\''s/^.*[	 ]\([ABCDGIRSTW][ABCDGIRSTW]*\)[	 ][	 ]*\([_A-Za-z][_A-Za-z0-9]*\)$/\1 \2 \2/p'\'' | sed '\''/ __gnu_lto/d'\'''
lt_cv_sys_global_symbol_to_c_name_address='sed -n -e '\''s/^: \([^ ]*\)[ ]*$/  {\"\1\", (void *) 0},/p'\'' -e '\''s/^[ABCDGIRSTW]* \([^ ]*\) \([^ ]*\)$/  {"\2", (void *) \&\2},/p'\'''
lt_cv_sys_global_symbol_to_c_name_address_lib_prefix='sed -n -e '\''s/^: \([^ ]*\)[ ]*$/  {\"\1\", (void *) 0},/p'\'' -e '\''s/^[ABCDGIRSTW]* \([^ ]*\) \(lib[^ ]*\)$/  {"\2", (void *) \&\2},/p'\'' -e '\''s/^[ABCDGIRSTW]* \([^ ]*\) \([^ ]*\)$/  {"lib\2", (void *) \&\2},/p'\'''
lt_cv_sys_global_symbol_to_cdecl='sed -n -e '\''s/^T .* \(.*\)$/extern int \1();/p'\'' -e '\''s/^[ABCDGIRSTW]* .* \(.*\)$/extern char \1;/p'\'''
lt_cv_sys_max_cmd_len=1572864
lt_cv_to_host_file_cmd=func_convert_file_noop
lt_cv_to_tool_file_cmd=func_convert_file_noop

## ----------------- ##
## Output variables. ##
## ----------------- ##

ACLOCAL='${SHELL} /home/plagueis/Projects/syslog-ng-3.4/lib/ivykis/missing --run aclocal-1.11'
AMDEPBACKSLASH='\'
AMDEP_FALSE='#'
AMDEP_TRUE=''
AMTAR='$${TAR-tar}'
AR='ar'
AS=''
AUTOCONF='${SHELL} /home/plagueis/Projects/syslog-ng-3.4/lib/ivykis/missing --run autoconf'
AUTOHEADER='${SHELL} /home/plagueis/Projects/syslog-ng-3.4/lib/ivykis/missing --run autoheader'
AUTOMAKE='${SHELL} /home/plagueis/Projects/syslog-ng-3.4/lib/ivykis/missing --run automake-1.11'
AWK='gawk'
BUILD_ON_CYGWIN_FALSE=''
BUILD_ON_CYGWIN_TRUE='#'
CC='gcc'
CCDEPMODE='depmode=gcc3'
CFLAGS='-g -O2 -Wall -pthread'
CPP='gcc -E'
CPPFLAGS=''
CYGPATH_W='echo'
DEFS='-DHAVE_CONFIG_H'
DEPDIR='.deps'
DLLTOOL='false'
DSYMUTIL=''
DUMPBIN=''
ECHO_C=''
ECHO_N='-n'
ECHO_T=''
EGREP='/bin/grep -E'
EXEEXT=''
FGREP='/bin/grep -F'
GREP='/bin/grep'
HAVE_DEV_POLL_FALSE=''
HAVE_DEV_POLL_TRUE='#'
HAVE_EPOLL_FALSE='#'
HAVE_EPOLL_TRUE=''
HAVE_INOTIFY_FALSE='#'
HAVE_INOTIFY_TRUE=''
HAVE_KQUEUE_FALSE=''
HAVE_KQUEUE_TRUE='#'
HAVE_LINUX_NETFILTER_IPV4_H_FALSE='#'
HAVE_LINUX_NETFILTER_IPV4_H_TRUE=''
HAVE_PORT_FALSE=''
HAVE_PORT_TRUE='#'
HAVE_POSIX_FALSE='#'
HAVE_POSIX_TRUE=''
HAVE_VERSIONING_FALSE='#'
HAVE_VERSIONING_TRUE=''
HAVE_WIN32_FALSE=''
HAVE_WIN32_TRUE='#'
INSTALL_DATA='${INSTALL} -m 644'
INSTALL_PROGRAM='${INSTALL}'
INSTALL_SCRIPT='${INSTALL}'
INSTALL_STRIP_PROGRAM='$(install_sh) -c -s'
LD='/usr/bin/ld -m elf_x86_64'
LDFLAGS=''
LIBOBJS=''
LIBS='-lrt '
LIBTOOL='$(SHELL) $(top_builddir)/libtool'
LIPO=''
LN_S='ln -s'
LTLIBOBJS=''
MAKEINFO='${SHELL} /home/plagueis/Projects/syslog-ng-3.4/lib/ivykis/missing --run makeinfo'
MANIFEST_TOOL=':'
MKDIR_P='/bin/mkdir -p'
NM='/usr/bin/nm -B'
NMEDIT=''
OBJDUMP='objdump'
OBJEXT='o'
OTOOL64=''
OTOOL=''
PACKAGE='ivykis'
PACKAGE_BUGREPORT='libivykis-discuss@lists.sourceforge.net'
PACKAGE_NAME='ivykis'
PACKAGE_STRING='ivykis 0.36.1'
PACKAGE_TARNAME='ivykis'
PACKAGE_URL=''
PACKAGE_VERSION='0.36.1'
PATH_SEPARATOR=':'
RANLIB='ranlib'
SED='/bin/sed'
SET_MAKE=''
SHELL='/bin/bash'
STRIP='strip'
VERSION='0.36.1'
ac_ct_AR='ar'
ac_ct_CC='gcc'
ac_ct_DUMPBIN=''
ac_cv_timespec_hdr='sys/time.h'
am__EXEEXT_FALSE=''
am__EXEEXT_TRUE='#'
am__fastdepCC_FALSE='#'
am__fastdepCC_TRUE=''
am__include='include'
am__isrc=' -I$(srcdir)'
am__leading_dot='.'
am__nodep='_no'
am__quote=''
am__tar='$${TAR-tar} chof - "$$tardir"'
am__untar='$${TAR-tar} xf -'
bindir='${exec_prefix}/bin'
build='x86_64-unknown-linux-gnu'
build_alias=''
build_cpu='x86_64'
build_os='linux-gnu'
build_vendor='unknown'
datadir='${datarootdir}'
datarootdir='${prefix}/share'
docdir='${datarootdir}/doc/${PACKAGE_TARNAME}'
dvidir='${docdir}'
exec_prefix='${prefix}'
host='x86_64-unknown-linux-gnu'
host_alias=''
host_cpu='x86_64'
host_os='linux-gnu'
host_vendor='unknown'
htmldir='${docdir}'
includedir='${prefix}/include'
infodir='${datarootdir}/info'
install_sh='${SHELL} /home/plagueis/Projects/syslog-ng-3.4/lib/ivykis/install-sh'
libdir='${exec_prefix}/lib'
libexecdir='${exec_prefix}/libexec'
localedir='${datarootdir}/locale'
localstatedir='${prefix}/var'
mandir='${datarootdir}/man'
mkdir_p='/bin/mkdir -p'
oldincludedir='/usr/include'
pdfdir='${docdir}'
prefix='/home/plagueis/install_afmysql'
program_transform_name='s,x,x,'
psdir='${docdir}'
sbindir='${exec_prefix}/sbin'
sharedstatedir='${prefix}/com'
sysconfdir='${prefix}/etc'
target_alias=''

## ----------- ##
## confdefs.h. ##
## ----------- ##

/* confdefs.h */
#define PACKAGE_NAME "ivykis"
#define PACKAGE_TARNAME "ivykis"
#define PACKAGE_VERSION "0.36.1"
#define PACKAGE_STRING "ivykis 0.36.1"
#define PACKAGE_BUGREPORT "libivykis-discuss@lists.sourceforge.net"
#define PACKAGE_URL ""
#define PACKAGE "ivykis"
#define VERSION "0.36.1"
#define STDC_HEADERS 1
#define HAVE_SYS_TYPES_H 1
#define HAVE_SYS_STAT_H 1
#define HAVE_STDLIB_H 1
#define HAVE_STRING_H 1
#define HAVE_MEMORY_H 1
#define HAVE_STRINGS_H 1
#define HAVE_INTTYPES_H 1
#define HAVE_STDINT_H 1
#define HAVE_UNISTD_H 1
#define HAVE_DLFCN_H 1
#define LT_OBJDIR ".libs/"
#define HAVE_THREAD 1
#define HAVE_SYNC_LOCK_TEST_AND_SET 1
#define HAVE_SYS_EVENTFD_H 1
#define HAVE_SYS_SYSCALL_H 1
#define HAVE_CLOCK_GETTIME 1
#define HAVE_CLOCK_MONOTONIC 1
#define HAVE_CLOCK_REALTIME 1
#define HAVE_EPOLL_CREATE 1
#define HAVE_EPOLL_CREATE1 1
#define HAVE_EVENTFD 1
#define HAVE_INOTIFY_INIT 1
#define HAVE_PTHREAD_SPIN_LOCK 1
#define HAVE_SPLICE 1
#define HAVE_WAIT4 1

configure: exit 0
